<?xml version="1.0" encoding="UTF-8" standalone="no"?>
<testsuite errors="0" failures="1" name="io.cucumber.core.plugin.JUnitFormatter" skipped="0" tests="3" time="159.37">
    <testcase classname="place order" name="user can place order by registering while checkout" time="78.189">
        <system-out>
            <![CDATA[Given navigate to baseUrl...................................................passed
And verify that home page is visible successfully...........................passed
When add products to cart...................................................passed
When click Cart button......................................................passed
Then verify that cart page is displayed.....................................passed
When click Proceed To Checkout..............................................passed
And click Register Login button.............................................passed
And fill all details in Signup and create account...........................passed
Then verify ACCOUNT CREATED! and click Continue button......................passed
Then verify that Logged in as username is visible...........................passed
When click Cart button......................................................passed
And click Proceed To Checkout button........................................passed
Then verify Address Details and Review Your Order...........................passed
And enter description in comment text area and click Place Order............passed
And enter payment details: Name on Card, Card Number, CVC, Expiration date..passed
When click Pay and Confirm Order button.....................................passed
Then verify success message Your order has been placed successfully!........passed
Then verify Delete Account button is visible................................passed
]]>
        </system-out>
    </testcase>
    <testcase classname="place order" name="TC15 user can place order registering before checkeout" time="26.729">
        <failure message="element click intercepted: Element &lt;a href=&quot;/view_cart&quot;&gt;...&lt;/a&gt; is not clickable at point (733, 10). Other element would receive the click: &lt;div id=&quot;cartModal&quot; class=&quot;modal show&quot;&gt;...&lt;/div&gt;&#10;  (Session info: chrome=108.0.5359.99)&#10;Build info: version: '3.141.59', revision: 'e82be7d358', time: '2018-11-14T08:17:03'&#10;System info: host: 'DESKTOP-TC77HVK', ip: '192.168.1.122', os.name: 'Windows 10', os.arch: 'amd64', os.version: '10.0', java.version: '11.0.9'&#10;Driver info: org.openqa.selenium.chrome.ChromeDriver&#10;Capabilities {acceptInsecureCerts: false, browserName: chrome, browserVersion: 108.0.5359.99, chrome: {chromedriverVersion: 108.0.5359.71 (1e0e3868ee06..., userDataDir: C:\Users\Ayse\AppData\Local...}, goog:chromeOptions: {debuggerAddress: localhost:57663}, javascriptEnabled: true, networkConnectionEnabled: false, pageLoadStrategy: normal, platform: WINDOWS, platformName: WINDOWS, proxy: Proxy(), setWindowRect: true, strictFileInteractability: false, timeouts: {implicit: 0, pageLoad: 300000, script: 30000}, unhandledPromptBehavior: dismiss and notify, webauthn:extension:credBlob: true, webauthn:extension:largeBlob: true, webauthn:virtualAuthenticators: true}&#10;Session ID: 8ce2e6f9e5b837f0485b3e233000cf07" type="org.openqa.selenium.ElementClickInterceptedException">
            <![CDATA[Given navigate to baseUrl...................................................passed
And verify that home page is visible successfully...........................passed
When click on Signup Login button...........................................passed
And fill all details in Signup and create account...........................passed
Then verify ACCOUNT CREATED! and click Continue button......................passed
Then verify that Logged in as username is visible...........................passed
And add products to cart....................................................failed
When click Cart button......................................................skipped
Then verify that cart page is displayed.....................................skipped
When click Proceed To Checkout..............................................skipped
Then verify Address Details and Review Your Order...........................skipped
And enter description in comment text area and click Place Order............skipped
And enter payment details: Name on Card, Card Number, CVC, Expiration date..skipped
When click Pay and Confirm Order button.....................................skipped
Then verify success message Your order has been placed successfully!........skipped
When click Delete Account button............................................skipped
Then verify Delete Account button is visible................................skipped

StackTrace:
org.openqa.selenium.ElementClickInterceptedException: element click intercepted: Element <a href="/view_cart">...</a> is not clickable at point (733, 10). Other element would receive the click: <div id="cartModal" class="modal show">...</div>
  (Session info: chrome=108.0.5359.99)
Build info: version: '3.141.59', revision: 'e82be7d358', time: '2018-11-14T08:17:03'
System info: host: 'DESKTOP-TC77HVK', ip: '192.168.1.122', os.name: 'Windows 10', os.arch: 'amd64', os.version: '10.0', java.version: '11.0.9'
Driver info: org.openqa.selenium.chrome.ChromeDriver
Capabilities {acceptInsecureCerts: false, browserName: chrome, browserVersion: 108.0.5359.99, chrome: {chromedriverVersion: 108.0.5359.71 (1e0e3868ee06..., userDataDir: C:\Users\Ayse\AppData\Local...}, goog:chromeOptions: {debuggerAddress: localhost:57663}, javascriptEnabled: true, networkConnectionEnabled: false, pageLoadStrategy: normal, platform: WINDOWS, platformName: WINDOWS, proxy: Proxy(), setWindowRect: true, strictFileInteractability: false, timeouts: {implicit: 0, pageLoad: 300000, script: 30000}, unhandledPromptBehavior: dismiss and notify, webauthn:extension:credBlob: true, webauthn:extension:largeBlob: true, webauthn:virtualAuthenticators: true}
Session ID: 8ce2e6f9e5b837f0485b3e233000cf07
	at java.base/jdk.internal.reflect.NativeConstructorAccessorImpl.newInstance0(Native Method)
	at java.base/jdk.internal.reflect.NativeConstructorAccessorImpl.newInstance(NativeConstructorAccessorImpl.java:62)
	at java.base/jdk.internal.reflect.DelegatingConstructorAccessorImpl.newInstance(DelegatingConstructorAccessorImpl.java:45)
	at java.base/java.lang.reflect.Constructor.newInstance(Constructor.java:490)
	at org.openqa.selenium.remote.http.W3CHttpResponseCodec.createException(W3CHttpResponseCodec.java:187)
	at org.openqa.selenium.remote.http.W3CHttpResponseCodec.decode(W3CHttpResponseCodec.java:122)
	at org.openqa.selenium.remote.http.W3CHttpResponseCodec.decode(W3CHttpResponseCodec.java:49)
	at org.openqa.selenium.remote.HttpCommandExecutor.execute(HttpCommandExecutor.java:158)
	at org.openqa.selenium.remote.service.DriverCommandExecutor.execute(DriverCommandExecutor.java:83)
	at org.openqa.selenium.remote.RemoteWebDriver.execute(RemoteWebDriver.java:552)
	at org.openqa.selenium.remote.RemoteWebElement.execute(RemoteWebElement.java:285)
	at org.openqa.selenium.remote.RemoteWebElement.click(RemoteWebElement.java:84)
	at jdk.internal.reflect.GeneratedMethodAccessor63.invoke(Unknown Source)
	at java.base/jdk.internal.reflect.DelegatingMethodAccessorImpl.invoke(DelegatingMethodAccessorImpl.java:43)
	at java.base/java.lang.reflect.Method.invoke(Method.java:566)
	at org.openqa.selenium.support.pagefactory.internal.LocatingElementHandler.invoke(LocatingElementHandler.java:51)
	at com.sun.proxy.$Proxy19.click(Unknown Source)
	at stepdefinitions.PlaceOrderStepDef.add_products_to_cart(PlaceOrderStepDef.java:37)
	at âœ½.add products to cart(file:///C:/Users/Ayse/IdeaProjects/AutomationExerciseCucumber/./src/test/resources/features/ui/PlaceOrder.feature:31)
]]>
        </failure>
    </testcase>
    <testcase classname="place order" name="TC16 user can place order logging in before checkout" time="53.662">
        <system-out>
            <![CDATA[Given navigate to baseUrl...................................................passed
And verify that home page is visible successfully...........................passed
When click on Signup Login button...........................................passed
And fill email, password and click Login button.............................passed
Then verify that Logged in as username is visible...........................passed
And add products to cart....................................................passed
When click Cart button......................................................passed
Then verify that cart page is displayed.....................................passed
When click Proceed To Checkout..............................................passed
Then verify Address Details and Review Your Order...........................passed
When enter description in comment text area and click Place Order...........passed
And enter payment details: Name on Card, Card Number, CVC, Expiration date..passed
When click Pay and Confirm Order button.....................................passed
Then verify success message Your order has been placed successfully!........passed
Then verify Delete Account button is visible................................passed
]]>
        </system-out>
    </testcase>
</testsuite>
